/media/ubuntu/cryptscratch3/cspine_data2/batch10/Final/1.2.840.113696.344085.500.1821402.20110521173824
/media/ubuntu/cryptscratch3/cspine_data2/batch16/Final/1.2.840.113696.344085.500.2413514.20130315210910
/media/ubuntu/cryptscratch3/cspine_data2/batch16/Final/1.2.840.113696.344085.500.397914.20140623155822
/media/ubuntu/cryptscratch3/cspine_data2/batch16/Final/1.2.840.113696.344085.500.528639.20141123020219
/media/ubuntu/cryptscratch3/cspine_data2/batch13/Final/1.2.840.113696.344085.500.752257.20070906022829
/media/ubuntu/cryptscratch/cspine_data/batch1/Final/1.2.840.113696.344085.500.1121876.20160927212052
/media/ubuntu/cryptscratch3/cspine_data2/batch9/Final/1.2.840.113696.344085.500.1552270.20100716203444
/media/ubuntu/cryptscratch3/cspine_data2/batch16/Final/1.2.840.113696.344085.500.122690.20131122044353
/media/ubuntu/cryptscratch3/cspine_data2/batch9/Final/1.2.840.113696.344085.500.1579511.20100818233012
/media/ubuntu/cryptscratch3/cspine_data2/batch16/Final/1.2.840.113619.2.284.3.497828932.212.1366170676.612
/media/ubuntu/cryptscratch3/cspine_data2/batch14/Final/1.2.840.113696.344085.500.937974.20160313185217
/media/ubuntu/cryptscratch/cspine_data/batch5/Final/1.2.840.113696.344085.500.1090957.20090106164158
/media/ubuntu/cryptscratch/cspine_data/batch6/Final/1.2.840.113696.344085.500.120122.2004111110555
/media/ubuntu/cryptscratch3/cspine_data2/batch12/Final/1.2.840.113696.344085.500.745454.20070826181930
/media/ubuntu/cryptscratch/cspine_data/batch1/Final/1.2.840.113696.344085.500.1453634.20170909022211
/media/ubuntu/cryptscratch3/cspine_data2/batch16/Final/1.2.840.113696.344085.500.444479.20140817152810
/media/ubuntu/cryptscratch3/cspine_data2/batch15/Final/1.3.12.2.1107.5.8.3.486749.836966.79845055.20141020232925480
/media/ubuntu/cryptscratch3/cspine_data2/batch15/Final/1.3.12.2.1107.5.8.3.486749.836966.79845055.20141204064529650
/media/ubuntu/cryptscratch/cspine_data/batch6/Final/1.2.840.113696.344085.500.1263741.20090815062459
/media/ubuntu/cryptscratch3/cspine_data2/batch16/Final/1.2.840.113696.344085.500.2416918.20130320101337
/media/ubuntu/cryptscratch3/cspine_data2/batch14/Final/1.2.840.113696.344085.500.92959.20040922193517
/media/ubuntu/cryptscratch/cspine_data/batch6/Final/1.2.840.113696.344085.500.1485774.20100429215128
/media/ubuntu/cryptscratch3/cspine_data2/batch11/Final/1.2.840.113696.344085.500.535735.20061027013237
/media/ubuntu/cryptscratch/cspine_data/batch1/Final/1.2.840.113696.344085.500.1461570.2017091720369
/media/ubuntu/cryptscratch3/cspine_data2/batch11/Final/1.2.840.113696.344085.500.551473.20061117141433
/media/ubuntu/cryptscratch3/cspine_data2/batch14/Final/1.2.840.113696.344085.500.872898.2008022722547
/media/ubuntu/cryptscratch3/cspine_data2/batch9/Final/1.2.840.113696.344085.500.1609905.2010092320419
/media/ubuntu/cryptscratch/cspine_data/batch1/Final/1.2.840.113696.344085.500.1285227.20170320123256
/media/ubuntu/cryptscratch3/cspine_data2/batch10/Final/1.2.840.113696.344085.500.1620547.2010100521358
/media/ubuntu/cryptscratch/cspine_data/batch1/Final/1.2.840.113696.344085.500.1402914.20170718023037
/media/ubuntu/cryptscratch3/cspine_data2/batch10/Final/1.2.840.113696.344085.500.1808868.20110508174356
/media/ubuntu/cryptscratch3/cspine_data2/batch10/Final/1.2.840.113696.344085.500.1666250.20101126224245
/media/ubuntu/cryptscratch/cspine_data/batch1/Final/1.2.840.113696.344085.500.1492930.2017101823168
/media/ubuntu/cryptscratch3/cspine_data2/batch16/Final/1.2.840.113696.344085.500.387404.2014061101331
/media/ubuntu/cryptscratch3/cspine_data2/batch11/Final/1.2.840.113696.344085.500.627117.20070307152430
/media/ubuntu/cryptscratch/cspine_data/batch1/Final/1.2.840.113696.344085.500.1411260.20170725151852
/media/ubuntu/cryptscratch3/cspine_data2/batch16/Final/1.2.840.113696.344085.500.45142.20130819214333
/media/ubuntu/cryptscratch/cspine_data/batch1/Final/1.2.840.113696.344085.500.1225389.20170117045150
/media/ubuntu/cryptscratch/cspine_data/batch2/Final/1.2.840.113619.2.55.1.1762881067.1993.1125847487.488
/media/ubuntu/cryptscratch3/cspine_data2/batch15/Final/1.3.12.2.1107.5.8.2.836966.686765.68774849.2005100313271187
/media/ubuntu/cryptscratch3/cspine_data2/batch9/Final/1.2.840.113696.344085.500.1594085.20100906005352
/media/ubuntu/cryptscratch/cspine_data/batch2/Final/1.2.840.113696.344085.500.1032139.20081013014948
/media/ubuntu/cryptscratch3/cspine_data2/batch16/Final/1.2.840.113696.344085.500.2074647.2012030117508
/media/ubuntu/cryptscratch/cspine_data/batch1/Final/1.2.840.113696.344085.500.1380983.20170624172215
/media/ubuntu/cryptscratch3/cspine_data2/batch10/Final/1.2.840.113696.344085.500.1656021.20101115235320
/media/ubuntu/cryptscratch3/cspine_data2/batch11/Final/1.2.840.113696.344085.500.567393.20061209105935
/media/ubuntu/cryptscratch3/cspine_data2/batch16/Final/1.2.840.113696.344085.500.482300.20140926143056
/media/ubuntu/cryptscratch3/cspine_data2/batch14/Final/1.2.840.113696.344085.500.909560.20080419174141
/media/ubuntu/cryptscratch/cspine_data/batch2/Final/1.2.840.113619.2.55.3.497828932.5623.1130589424.750
/media/ubuntu/cryptscratch3/cspine_data2/batch12/Final/1.2.840.113696.344085.500.739562.20070816191733
/media/ubuntu/cryptscratch3/cspine_data2/batch16/Final/1.2.840.113696.344085.500.5970.20130630133955
/media/ubuntu/cryptscratch/cspine_data/batch6/Final/1.2.840.113696.344085.500.1398293.20100120121723
/media/ubuntu/cryptscratch3/cspine_data2/batch11/Final/1.2.840.113696.344085.500.49228.2004070422437
/media/ubuntu/cryptscratch3/cspine_data2/batch9/Final/1.2.840.113696.344085.500.1548364.2010071303528
/media/ubuntu/cryptscratch3/cspine_data2/batch16/Final/1.2.840.113696.344085.500.494828.20141011165536
/media/ubuntu/cryptscratch/cspine_data/batch2/Final/1.2.840.113619.2.398.3.497822021.826.1436761165.936
/media/ubuntu/cryptscratch/cspine_data/batch2/Final/1.2.840.113696.344085.500.1028770.20160617112236
/media/ubuntu/cryptscratch3/cspine_data2/batch11/Final/1.2.840.113696.344085.500.634334.20070318152150
/media/ubuntu/cryptscratch3/cspine_data2/batch11/Final/1.2.840.113696.344085.500.679741.2007052121523
/media/ubuntu/cryptscratch/cspine_data/batch6/Final/1.2.840.113696.344085.500.1257764.20090808214314
/media/ubuntu/cryptscratch3/cspine_data2/batch15/Final/1.3.12.2.1107.5.8.3.486749.836966.79845055.20141211201653230
/media/ubuntu/cryptscratch3/cspine_data2/batch16/Final/1.2.840.113696.344085.500.2015489.20111224161515
/media/ubuntu/cryptscratch3/cspine_data2/batch11/Final/1.2.840.113696.344085.500.583534.20070106170134
/media/ubuntu/cryptscratch3/cspine_data2/batch16/Final/1.2.840.113696.344085.500.19767.20130717204819
/media/ubuntu/cryptscratch/cspine_data/batch1/Final/1.2.840.113696.344085.500.1297732.20170331171241
/media/ubuntu/cryptscratch3/cspine_data2/batch11/Final/1.2.840.113696.344085.500.64655.2004073123278
/media/ubuntu/cryptscratch/cspine_data/batch5/Final/1.2.840.113696.344085.500.1092053.20090107222331
/media/ubuntu/cryptscratch3/cspine_data2/batch16/Final/1.2.840.113696.344085.500.153687.20131225140911
/media/ubuntu/cryptscratch3/cspine_data2/batch16/Final/1.2.840.113696.344085.500.2053445.20120207151035
/media/ubuntu/cryptscratch/cspine_data/batch6/Final/1.2.840.113696.344085.500.1484551.20100428172855
/media/ubuntu/cryptscratch/cspine_data/batch5/Final/1.2.840.113696.344085.500.1123248.20090219212555
/media/ubuntu/cryptscratch3/cspine_data2/batch17/Final/1.2.840.113696.344085.500.2172959.2012061205486
/media/ubuntu/cryptscratch3/cspine_data2/batch16/Final/1.2.840.113696.344085.500.470853.20140913200628
/media/ubuntu/cryptscratch/cspine_data/batch1/Final/1.2.840.113696.344085.500.1462959.20170919001247
/media/ubuntu/cryptscratch3/cspine_data2/batch16/Final/1.2.840.113696.344085.500.354702.20140430152451
/media/ubuntu/cryptscratch3/cspine_data2/batch17/Final/1.2.840.113696.344085.500.2231442.20120815193529
/media/ubuntu/cryptscratch3/cspine_data2/batch14/Final/1.2.840.113696.344085.500.839931.20080112131854
/media/ubuntu/cryptscratch/cspine_data/batch1/Final/1.2.840.113696.344085.500.1247144.20170208020345
/media/ubuntu/cryptscratch3/cspine_data2/batch15/Final/1.2.840.113696.344085.500.986687.20080809224830
/media/ubuntu/cryptscratch3/cspine_data2/batch10/Final/1.2.840.113696.344085.500.1673771.20101206093344
/media/ubuntu/cryptscratch/cspine_data/batch5/Final/1.2.840.113696.344085.500.1095445.20090112161032
/media/ubuntu/cryptscratch3/cspine_data2/batch16/Final/1.2.840.113696.344085.500.460301.20140901193559
/media/ubuntu/cryptscratch3/cspine_data2/batch15/Final/1.3.12.2.1107.5.8.3.486749.836966.79845055.20141122102410510
/media/ubuntu/cryptscratch/cspine_data/batch5/Final/1.2.840.113696.344085.500.1098604.20090116050817
/media/ubuntu/cryptscratch/cspine_data/batch6/Final/1.2.840.113696.344085.500.1295306.20090922014856
/media/ubuntu/cryptscratch3/cspine_data2/batch11/Final/1.2.840.113696.344085.500.20808.2004051316342
/media/ubuntu/cryptscratch3/cspine_data2/batch14/Final/1.2.840.113696.344085.500.821872.20151102150336
/media/ubuntu/cryptscratch3/cspine_data2/batch11/Final/1.2.840.113696.344085.500.41880.2004061920269
/media/ubuntu/cryptscratch3/cspine_data2/batch13/Final/1.2.840.113696.344085.500.766205.20150902025246
/media/ubuntu/cryptscratch3/cspine_data2/batch16/Final/1.2.840.113696.344085.500.1959518.20111025170643
/media/ubuntu/cryptscratch3/cspine_data2/batch11/Final/1.2.840.113696.344085.500.708067.20070629215350
/media/ubuntu/cryptscratch/cspine_data/batch1/Final/1.2.840.113696.344085.500.1286995.2017032116517
/media/ubuntu/cryptscratch/cspine_data/batch5/Final/1.2.840.113696.344085.500.1105002.20090125065426
/media/ubuntu/cryptscratch3/cspine_data2/batch16/Final/1.2.840.113696.344085.500.37625.20130809165759
/media/ubuntu/cryptscratch/cspine_data/batch6/Final/1.2.840.113696.344085.500.1306686.20091004021844
/media/ubuntu/cryptscratch3/cspine_data2/batch16/Final/1.2.840.113696.344085.500.298308.20140220154843
/media/ubuntu/cryptscratch3/cspine_data2/batch16/Final/1.2.840.113696.344085.500.582618.20150131083510
/media/ubuntu/cryptscratch/cspine_data/batch2/Final/1.2.840.113619.2.55.1.1762881067.1958.1124166639.428
/media/ubuntu/cryptscratch/cspine_data/batch2/Final/1.2.840.113696.344085.500.1016324.20080922092517
/media/ubuntu/cryptscratch3/cspine_data2/batch17/Final/1.2.840.113696.344085.500.2125643.2012042311071
/media/ubuntu/cryptscratch3/cspine_data2/batch14/Final/1.2.840.113696.344085.500.960825.20080702175926
/media/ubuntu/cryptscratch3/cspine_data2/batch16/Final/1.2.840.113696.344085.500.1958296.2011102416048
/media/ubuntu/cryptscratch3/cspine_data2/batch12/Final/1.2.840.113696.344085.500.715858.20070712163852
/media/ubuntu/cryptscratch3/cspine_data2/batch15/Final/1.3.12.2.1107.5.8.3.486749.836966.79845055.20141022184929780
/media/ubuntu/cryptscratch3/cspine_data2/batch11/Final/1.2.840.113696.344085.500.20872.2004051322255
/media/ubuntu/cryptscratch/cspine_data/batch1/Final/1.2.840.113696.344085.500.1184238.20161130164529
/media/ubuntu/cryptscratch/cspine_data/batch5/Final/1.2.840.113696.344085.500.1100596.20160904192214
/media/ubuntu/cryptscratch3/cspine_data2/batch15/Final/1.3.12.2.1107.5.8.3.486749.836966.79845055.20141115220444790
/media/ubuntu/cryptscratch3/cspine_data2/batch16/Final/1.2.840.113696.344085.500.2017379.2011122909144
/media/ubuntu/cryptscratch/cspine_data/batch4/Final/1.2.840.113696.344085.500.1085434.20081226133841
/media/ubuntu/cryptscratch3/cspine_data2/batch16/Final/1.2.840.113696.344085.500.2327488.2012120118113
/media/ubuntu/cryptscratch3/cspine_data2/batch16/Final/1.2.840.113696.344085.500.464661.20140906194545
/media/ubuntu/cryptscratch3/cspine_data2/batch16/Final/1.2.840.113696.344085.500.31565.20130801154022
/media/ubuntu/cryptscratch/cspine_data/batch1/Final/1.2.840.113696.344085.500.1285655.20170320173058
/media/ubuntu/cryptscratch/cspine_data/batch2/Final/1.2.840.113619.2.55.3.497828932.5837.1158816475.497
/media/ubuntu/cryptscratch/cspine_data/batch6/Final/1.2.840.113696.344085.500.1333682.20091103191150
/media/ubuntu/cryptscratch3/cspine_data2/batch16/Final/1.2.840.113696.344085.500.2037339.20120120143432
/media/ubuntu/cryptscratch3/cspine_data2/batch10/Final/1.2.840.113696.344085.500.1793914.20110420191019
/media/ubuntu/cryptscratch3/cspine_data2/batch11/Final/1.2.840.113696.344085.500.567885.20061210200229
/media/ubuntu/cryptscratch3/cspine_data2/batch16/Final/1.2.840.113696.344085.500.2004771.20111213100821
/media/ubuntu/cryptscratch3/cspine_data2/batch16/Final/1.2.840.113619.2.55.1.1762881067.1975.1321883922.440
/media/ubuntu/cryptscratch/cspine_data/batch6/Final/1.2.840.113696.344085.500.1297352.20090923171332
/media/ubuntu/cryptscratch/cspine_data/batch6/Final/1.2.840.113696.344085.500.131143.20041130224025
/media/ubuntu/cryptscratch3/cspine_data2/batch16/Final/1.2.840.113696.344085.500.407978.20140706183123
/media/ubuntu/cryptscratch3/cspine_data2/batch11/Final/1.2.840.113696.344085.500.693337.20070608221551
/media/ubuntu/cryptscratch/cspine_data/batch6/Final/1.2.840.113696.344085.500.1222429.20090627114652
/media/ubuntu/cryptscratch3/cspine_data2/batch13/Final/1.2.840.113696.344085.500.764652.20070922213952
/media/ubuntu/cryptscratch/cspine_data/batch2/Final/1.2.840.113619.2.55.1.1762881067.1962.1126099458.82
/media/ubuntu/cryptscratch3/cspine_data2/batch16/Final/1.2.840.113696.344085.500.88227.20131010212018
/media/ubuntu/cryptscratch3/cspine_data2/batch16/Final/1.2.840.113696.344085.500.406434.20140703232053
/media/ubuntu/cryptscratch3/cspine_data2/batch16/Final/1.2.840.113696.344085.500.414315.20140714032826
/media/ubuntu/cryptscratch3/cspine_data2/batch9/Final/1.2.840.113696.344085.500.1575563.20100814020622
/media/ubuntu/cryptscratch3/cspine_data2/batch10/Final/1.2.840.113696.344085.500.1644104.20101101205730
/media/ubuntu/cryptscratch3/cspine_data2/batch17/Final/1.2.840.113696.344085.500.2152144.20120520190753
/media/ubuntu/cryptscratch3/cspine_data2/batch12/Final/1.2.840.113696.344085.500.723909.20070724180932
/media/ubuntu/cryptscratch3/cspine_data2/batch17/Final/1.2.840.113696.344085.500.2258146.20120914091710
/media/ubuntu/cryptscratch3/cspine_data2/batch17/Final/1.2.840.113696.344085.500.2114740.20120412000627
/media/ubuntu/cryptscratch/cspine_data/batch1/Final/1.2.840.113696.344085.500.1434192.20170818133536
/media/ubuntu/cryptscratch3/cspine_data2/batch16/Final/1.2.840.113696.344085.500.2490151.20130615154614
/media/ubuntu/cryptscratch3/cspine_data2/batch16/Final/1.2.840.113696.344085.500.523672.20141117143010
/media/ubuntu/cryptscratch3/cspine_data2/batch15/Final/1.2.840.113696.344085.500.987116.2008081102533
/media/ubuntu/cryptscratch/cspine_data/batch2/Final/1.2.840.113619.2.55.3.497828932.6819.1148544306.216
/media/ubuntu/cryptscratch/cspine_data/batch4/Final/1.2.840.113696.344085.500.1084007.20160816135031
/media/ubuntu/cryptscratch3/cspine_data2/batch16/Final/1.2.840.113619.2.337.3.497822021.626.1405656663.513
/media/ubuntu/cryptscratch/cspine_data/batch6/Final/1.2.840.113696.344085.500.1277878.20090901110651
/media/ubuntu/cryptscratch3/cspine_data2/batch14/Final/1.2.840.113696.344085.500.813205.20151023131954
/media/ubuntu/cryptscratch3/cspine_data2/batch10/Final/1.2.840.113696.344085.500.1691193.20101228014040
/media/ubuntu/cryptscratch3/cspine_data2/batch17/Final/1.2.840.113696.344085.500.2301154.2012103118425
/media/ubuntu/cryptscratch/cspine_data/batch6/Final/1.2.840.113696.344085.500.1292255.2009091717540
/media/ubuntu/cryptscratch/cspine_data/batch2/Final/1.2.840.113619.2.55.3.497828932.713.1253168780.349
/media/ubuntu/cryptscratch3/cspine_data2/batch16/Final/1.2.840.113696.344085.500.2350959.20130101113350
/media/ubuntu/cryptscratch3/cspine_data2/batch15/Final/1.3.12.2.1107.5.8.3.486749.836966.79845055.20150117110939820
/media/ubuntu/cryptscratch3/cspine_data2/batch7/Final/1.2.840.113696.344085.500.1505319.20100521143734
/media/ubuntu/cryptscratch/cspine_data/batch3/Final/1.2.840.113696.344085.500.1056789.20160719001716
/media/ubuntu/cryptscratch3/cspine_data2/batch11/Final/1.2.840.113696.344085.500.599767.20070128104754
/media/ubuntu/cryptscratch3/cspine_data2/batch16/Final/1.2.840.113696.344085.500.2340729.20121216065116
/media/ubuntu/cryptscratch3/cspine_data2/batch11/Final/1.2.840.113696.344085.500.677968.20150527132119
/media/ubuntu/cryptscratch3/cspine_data2/batch16/Final/1.2.840.113696.344085.500.334449.20140404150736
/media/ubuntu/cryptscratch3/cspine_data2/batch16/Final/1.2.840.113696.344085.500.139027.20131211141955
/media/ubuntu/cryptscratch3/cspine_data2/batch16/Final/1.2.840.113696.344085.500.502404.20141021195335
/media/ubuntu/cryptscratch3/cspine_data2/batch14/Final/1.2.840.113696.344085.500.852505.20080129213319
/media/ubuntu/cryptscratch3/cspine_data2/batch13/Final/1.2.840.113696.344085.500.749220.20070831142218
/media/ubuntu/cryptscratch3/cspine_data2/batch16/Final/1.2.840.113696.344085.500.547697.20141215142910
/media/ubuntu/cryptscratch/cspine_data/batch1/Final/1.2.840.113696.344085.500.1232644.20170124091418
/media/ubuntu/cryptscratch3/cspine_data2/batch14/Final/1.2.840.113696.344085.500.798679.20071109174818
/media/ubuntu/cryptscratch/cspine_data/batch2/Final/1.2.840.113619.2.334.3.497828932.612.1426920387.893
/media/ubuntu/cryptscratch3/cspine_data2/batch16/Final/1.2.840.113696.344085.500.294601.20140216000533
/media/ubuntu/cryptscratch/cspine_data/batch6/Final/1.2.840.113696.344085.500.1400615.2010012214536
/media/ubuntu/cryptscratch/cspine_data/batch2/Final/1.2.840.113619.2.411.3.497822021.432.1470713434.635
/media/ubuntu/cryptscratch3/cspine_data2/batch17/Final/1.2.840.113696.344085.500.2304185.20121104204042
/media/ubuntu/cryptscratch3/cspine_data2/batch16/Final/1.2.840.113696.344085.500.1950490.20111016142041
/media/ubuntu/cryptscratch3/cspine_data2/batch14/Final/1.2.840.113696.344085.500.826815.20071219145731
/media/ubuntu/cryptscratch3/cspine_data2/batch16/Final/1.2.840.113696.344085.500.322559.20140322055311
/media/ubuntu/cryptscratch3/cspine_data2/batch16/Final/1.2.840.113696.344085.500.298490.20140221001359
/media/ubuntu/cryptscratch3/cspine_data2/batch16/Final/1.2.840.113696.344085.500.480867.20140925104746
/media/ubuntu/cryptscratch3/cspine_data2/batch14/Final/1.2.840.113696.344085.500.92302.20040922053031
/media/ubuntu/cryptscratch/cspine_data/batch5/Final/1.2.840.113696.344085.500.1150453.20090327205635
/media/ubuntu/cryptscratch3/cspine_data2/batch14/Final/1.2.840.113696.344085.500.964692.20160411154452
/media/ubuntu/cryptscratch3/cspine_data2/batch16/Final/1.2.840.113696.344085.500.2056975.20120212043024
/media/ubuntu/cryptscratch/cspine_data/batch2/Final/1.2.840.113619.2.55.3.497828932.5755.1138599830.461
/media/ubuntu/cryptscratch3/cspine_data2/batch11/Final/1.2.840.113696.344085.500.506403.2006091419320
/media/ubuntu/cryptscratch3/cspine_data2/batch16/Final/1.2.840.113619.2.284.3.497828932.288.1322196105.465
/media/ubuntu/cryptscratch3/cspine_data2/batch11/Final/1.2.840.113696.344085.500.638013.2007032219129
/media/ubuntu/cryptscratch3/cspine_data2/batch7/Final/1.2.840.113696.344085.500.1487269.20100502024058
/media/ubuntu/cryptscratch/cspine_data/batch2/Final/1.2.840.113619.2.411.3.497822021.914.1469849291.302
/media/ubuntu/cryptscratch3/cspine_data2/batch11/Final/1.2.840.113696.344085.500.541510.20061103203954
/media/ubuntu/cryptscratch/cspine_data/batch2/Final/1.2.840.113619.2.55.1.1762881067.1957.1124881661.281
/media/ubuntu/cryptscratch3/cspine_data2/batch15/Final/1.2.840.113696.344085.500.991292.20080816143748
/media/ubuntu/cryptscratch/cspine_data/batch2/Final/1.2.840.113619.2.55.3.497828932.5800.1136724486.202
/media/ubuntu/cryptscratch3/cspine_data2/batch15/Final/1.3.6.1.4.1.23849.3441509605.135.1636125731219146429
/media/ubuntu/cryptscratch3/cspine_data2/batch17/Final/1.2.840.113696.344085.500.2184714.20120623055618
/media/ubuntu/cryptscratch3/cspine_data2/batch15/Final/1.3.12.2.1107.5.8.3.486749.836966.79845055.20141120084413180
/media/ubuntu/cryptscratch3/cspine_data2/batch16/Final/1.2.840.113696.344085.500.42557.2013081518108
/media/ubuntu/cryptscratch3/cspine_data2/batch16/Final/1.2.840.113696.344085.500.106359.20131101215143
/media/ubuntu/cryptscratch/cspine_data/batch3/Final/1.2.840.113696.344085.500.105509.20041015230449
/media/ubuntu/cryptscratch3/cspine_data2/batch9/Final/1.2.840.113696.344085.500.1587451.20100828123226
/media/ubuntu/cryptscratch3/cspine_data2/batch16/Final/1.2.840.113696.344085.500.1954904.20111020121639
/media/ubuntu/cryptscratch/cspine_data/batch2/Final/1.2.840.113696.344085.500.1014547.20080918180710
/media/ubuntu/cryptscratch/cspine_data/batch2/Final/1.2.840.113619.2.25.4.168047439.1310845786.261
/media/ubuntu/cryptscratch/cspine_data/batch5/Final/1.2.840.113696.344085.500.1156098.2009040419456
/media/ubuntu/cryptscratch3/cspine_data2/batch17/Final/1.2.840.113696.344085.500.2321505.2012112409421
/media/ubuntu/cryptscratch3/cspine_data2/batch16/Final/1.2.840.113619.2.284.3.497828932.606.1353736338.696
/media/ubuntu/cryptscratch3/cspine_data2/batch10/Final/1.2.840.113696.344085.500.1729381.20110210044356
/media/ubuntu/cryptscratch3/cspine_data2/batch10/Final/1.2.840.113696.344085.500.1795292.20110422145158
/media/ubuntu/cryptscratch3/cspine_data2/batch16/Final/1.2.840.113696.344085.500.2490755.20130617034430
/media/ubuntu/cryptscratch3/cspine_data2/batch17/Final/1.2.840.113696.344085.500.2144478.20120511211639
/media/ubuntu/cryptscratch/cspine_data/batch1/Final/1.2.840.113696.344085.500.1126027.20161002010554
/media/ubuntu/cryptscratch3/cspine_data2/batch7/Final/1.2.840.113696.344085.500.1513266.2010053118589
/media/ubuntu/cryptscratch/cspine_data/batch1/Final/1.2.840.113696.344085.500.1230609.2017012110340
/media/ubuntu/cryptscratch/cspine_data/batch3/Final/1.2.840.113696.344085.500.1056195.2016071812436
/media/ubuntu/cryptscratch3/cspine_data2/batch15/Final/1.3.12.2.1107.5.8.3.486749.836966.79845055.20141114204702110
/media/ubuntu/cryptscratch3/cspine_data2/batch11/Final/1.2.840.113696.344085.500.557266.20061126143331
/media/ubuntu/cryptscratch/cspine_data/batch1/Final/1.2.840.113696.344085.500.1107502.20160913075711
/media/ubuntu/cryptscratch/cspine_data/batch5/Final/1.2.840.113696.344085.500.1107502.20160913075711
/media/ubuntu/cryptscratch/cspine_data/batch2/Final/1.2.840.113619.2.55.3.497828932.5858.1156845060.128
/media/ubuntu/cryptscratch3/cspine_data2/batch7/Final/1.2.840.113696.344085.500.1497022.2010051219094
/media/ubuntu/cryptscratch/cspine_data/batch3/Final/1.2.840.113696.344085.500.1064005.20160726070635
/media/ubuntu/cryptscratch3/cspine_data2/batch16/Final/1.2.840.113696.344085.500.156269.20131231113844
/media/ubuntu/cryptscratch/cspine_data/batch4/Final/1.2.840.113696.344085.500.1067563.20081129115354
/media/ubuntu/cryptscratch3/cspine_data2/batch14/Final/1.2.840.113696.344085.500.958528.2008062815173
/media/ubuntu/cryptscratch3/cspine_data2/batch16/Final/1.2.840.113619.2.277.3.497828932.55.1321594971.666
/media/ubuntu/cryptscratch3/cspine_data2/batch7/Final/1.2.840.113696.344085.500.1511698.20100529205634
/media/ubuntu/cryptscratch3/cspine_data2/batch15/Final/1.2.840.113696.344085.500.98228.20041001183448
/media/ubuntu/cryptscratch3/cspine_data2/batch12/Final/1.2.840.113696.344085.500.730372.20150722214049
/media/ubuntu/cryptscratch3/cspine_data2/batch13/Final/1.2.840.113696.344085.500.781950.2015092001271
/media/ubuntu/cryptscratch/cspine_data/batch1/Final/1.2.840.113696.344085.500.1455576.20170911234747
/media/ubuntu/cryptscratch3/cspine_data2/batch10/Final/1.2.840.113696.344085.500.1814868.20110514102938
/media/ubuntu/cryptscratch/cspine_data/batch1/Final/1.2.840.113696.344085.500.1327115.20170501182038
/media/ubuntu/cryptscratch3/cspine_data2/batch14/Final/1.2.840.113696.344085.500.879942.2008030818457
/media/ubuntu/cryptscratch3/cspine_data2/batch14/Final/1.2.840.113696.344085.500.832907.20080102182710
/media/ubuntu/cryptscratch/cspine_data/batch5/Final/1.2.840.113696.344085.500.1099913.20160902204414
/media/ubuntu/cryptscratch3/cspine_data2/batch16/Final/1.2.840.113696.344085.500.357072.20140503122540
/media/ubuntu/cryptscratch3/cspine_data2/batch16/Final/1.2.840.113619.2.334.3.497828932.325.1418459835.89
/media/ubuntu/cryptscratch/cspine_data/batch6/Final/1.2.840.113696.344085.500.129291.20041127002324
/media/ubuntu/cryptscratch3/cspine_data2/batch16/Final/1.2.840.113696.344085.500.442783.20140814174158
/media/ubuntu/cryptscratch3/cspine_data2/batch17/Final/1.2.840.113696.344085.500.2191258.20120630142613
/media/ubuntu/cryptscratch3/cspine_data2/batch13/Final/1.2.840.113696.344085.500.782336.20150921084549
/media/ubuntu/cryptscratch3/cspine_data2/batch17/Final/1.2.840.113696.344085.500.2239672.20120824124833
/media/ubuntu/cryptscratch3/cspine_data2/batch14/Final/1.2.840.113696.344085.500.898508.2008040407200
/media/ubuntu/cryptscratch/cspine_data/batch1/Final/1.2.840.113696.344085.500.1152069.20161028222135
/media/ubuntu/cryptscratch3/cspine_data2/batch9/Final/1.2.840.113696.344085.500.1551432.20100716022612
/media/ubuntu/cryptscratch3/cspine_data2/batch7/Final/1.2.840.113696.344085.500.1491767.20100506165238
/media/ubuntu/cryptscratch3/cspine_data2/batch15/Final/1.3.12.2.1107.5.8.3.486749.836966.79845055.20141204012055120
/media/ubuntu/cryptscratch3/cspine_data2/batch16/Final/1.2.840.113696.344085.500.2409139.2013031200391
/media/ubuntu/cryptscratch3/cspine_data2/batch16/Final/1.2.840.113696.344085.500.365438.20140513175837
/media/ubuntu/cryptscratch3/cspine_data2/batch14/Final/1.2.840.113696.344085.500.829077.20071223193743
/media/ubuntu/cryptscratch3/cspine_data2/batch12/Final/1.2.840.113696.344085.500.730307.20150722170625
/media/ubuntu/cryptscratch3/cspine_data2/batch16/Final/1.2.840.113696.344085.500.133393.20131205035019
/media/ubuntu/cryptscratch3/cspine_data2/batch14/Final/1.2.840.113696.344085.500.894450.2016012511161
/media/ubuntu/cryptscratch3/cspine_data2/batch11/Final/1.2.840.113696.344085.500.585763.20070109222615
/media/ubuntu/cryptscratch3/cspine_data2/batch12/Final/1.2.840.113696.344085.500.710944.20150702145412
/media/ubuntu/cryptscratch3/cspine_data2/batch16/Final/1.2.840.113696.344085.500.576995.20150124223750
/media/ubuntu/cryptscratch/cspine_data/batch4/Final/1.2.840.113696.344085.500.1078899.20160810200838
/media/ubuntu/cryptscratch3/cspine_data2/batch15/Final/1.3.12.2.1107.5.8.3.486749.836966.79845055.20141120204824310
/media/ubuntu/cryptscratch3/cspine_data2/batch13/Final/1.2.840.113696.344085.500.769773.20150905190314
/media/ubuntu/cryptscratch3/cspine_data2/batch17/Final/1.2.840.113696.344085.500.2276249.2012100321469
/media/ubuntu/cryptscratch3/cspine_data2/batch11/Final/1.2.840.113696.344085.500.703315.2007062300295
/media/ubuntu/cryptscratch3/cspine_data2/batch14/Final/1.2.840.113696.344085.500.924697.20080509164010
/media/ubuntu/cryptscratch3/cspine_data2/batch13/Final/1.2.840.113696.344085.500.779970.20150917124531
/media/ubuntu/cryptscratch3/cspine_data2/batch14/Final/1.2.840.113696.344085.500.949999.20160327134024
/media/ubuntu/cryptscratch3/cspine_data2/batch17/Final/1.2.840.113696.344085.500.2293592.2012102322266
/media/ubuntu/cryptscratch/cspine_data/batch6/Final/1.2.840.113696.344085.500.1246531.20090724224817
/media/ubuntu/cryptscratch3/cspine_data2/batch15/Final/1.3.12.2.1107.5.8.3.486749.836966.79845055.20141115120229410
/media/ubuntu/cryptscratch3/cspine_data2/batch17/Final/1.2.840.113696.344085.500.2174252.20120613031125
/media/ubuntu/cryptscratch/cspine_data/batch5/Final/1.2.840.113696.344085.500.1162730.20161108153029
/media/ubuntu/cryptscratch3/cspine_data2/batch16/Final/1.2.840.113696.344085.500.2092081.20120320013620
/media/ubuntu/cryptscratch3/cspine_data2/batch9/Final/1.2.840.113696.344085.500.1555223.20100720234220
/media/ubuntu/cryptscratch3/cspine_data2/batch16/Final/1.2.840.113619.2.277.3.497828932.861.1319859463.339
/media/ubuntu/cryptscratch3/cspine_data2/batch16/Final/1.2.840.113696.344085.500.6248.20130701154946
/media/ubuntu/cryptscratch3/cspine_data2/batch10/Final/1.2.840.113696.344085.500.166818.20050205192054
/media/ubuntu/cryptscratch3/cspine_data2/batch16/Final/1.2.840.113696.344085.500.334838.20140405222716
/media/ubuntu/cryptscratch3/cspine_data2/batch16/Final/1.2.840.113696.344085.500.2364740.20130117143038
/media/ubuntu/cryptscratch3/cspine_data2/batch15/Final/1.3.12.2.1107.5.8.3.486749.836966.79845055.20150118141520430
/media/ubuntu/cryptscratch3/cspine_data2/batch9/Final/1.2.840.113696.344085.500.1566422.2010080315462
/media/ubuntu/cryptscratch/cspine_data/batch5/Final/1.2.840.113696.344085.500.1158215.20090407150347
/media/ubuntu/cryptscratch3/cspine_data2/batch14/Final/1.2.840.113696.344085.500.871216.20151227111754
/media/ubuntu/cryptscratch3/cspine_data2/batch16/Final/1.2.840.113696.344085.500.2495915.20130622101434
/media/ubuntu/cryptscratch3/cspine_data2/batch16/Final/1.2.840.113696.344085.500.509207.20141029143816
/media/ubuntu/cryptscratch/cspine_data/batch5/Final/1.2.840.113696.344085.500.1173226.20090428022321
/media/ubuntu/cryptscratch3/cspine_data2/batch16/Final/1.2.840.113696.344085.500.156771.20140102013054
